{"/home/narayanp/Documents/ASSESMENT/Recipe_Sharing_Platform/backend/src/controllers/auth.controller.ts": {"path":"/home/narayanp/Documents/ASSESMENT/Recipe_Sharing_Platform/backend/src/controllers/auth.controller.ts","statementMap":{"0":{"start":{"line":2,"column":0},"end":{"line":2,"column":55}},"1":{"start":{"line":3,"column":0},"end":{"line":3,"column":45}},"2":{"start":{"line":6,"column":28},"end":{"line":23,"column":2}},"3":{"start":{"line":6,"column":66},"end":{"line":23,"column":2}},"4":{"start":{"line":7,"column":2},"end":{"line":22,"column":3}},"5":{"start":{"line":8,"column":48},"end":{"line":9,"column":null}},"6":{"start":{"line":11,"column":4},"end":{"line":15,"column":35}},"7":{"start":{"line":17,"column":4},"end":{"line":21,"column":5}},"8":{"start":{"line":18,"column":6},"end":{"line":18,"column":55}},"9":{"start":{"line":20,"column":6},"end":{"line":20,"column":64}},"10":{"start":{"line":6,"column":13},"end":{"line":6,"column":28}},"11":{"start":{"line":25,"column":25},"end":{"line":43,"column":2}},"12":{"start":{"line":25,"column":63},"end":{"line":43,"column":2}},"13":{"start":{"line":26,"column":2},"end":{"line":42,"column":3}},"14":{"start":{"line":27,"column":48},"end":{"line":29,"column":null}},"15":{"start":{"line":31,"column":4},"end":{"line":35,"column":35}},"16":{"start":{"line":37,"column":4},"end":{"line":41,"column":5}},"17":{"start":{"line":38,"column":6},"end":{"line":38,"column":55}},"18":{"start":{"line":40,"column":6},"end":{"line":40,"column":64}},"19":{"start":{"line":25,"column":13},"end":{"line":25,"column":25}},"20":{"start":{"line":45,"column":28},"end":{"line":63,"column":2}},"21":{"start":{"line":45,"column":66},"end":{"line":63,"column":2}},"22":{"start":{"line":46,"column":2},"end":{"line":62,"column":3}},"23":{"start":{"line":47,"column":18},"end":{"line":47,"column":42}},"24":{"start":{"line":48,"column":4},"end":{"line":49,"column":76}},"25":{"start":{"line":49,"column":6},"end":{"line":49,"column":76}},"26":{"start":{"line":51,"column":28},"end":{"line":51,"column":60}},"27":{"start":{"line":52,"column":4},"end":{"line":55,"column":13}},"28":{"start":{"line":57,"column":4},"end":{"line":61,"column":5}},"29":{"start":{"line":58,"column":6},"end":{"line":58,"column":55}},"30":{"start":{"line":60,"column":6},"end":{"line":60,"column":64}},"31":{"start":{"line":45,"column":13},"end":{"line":45,"column":28}},"32":{"start":{"line":65,"column":26},"end":{"line":69,"column":2}},"33":{"start":{"line":65,"column":65},"end":{"line":69,"column":2}},"34":{"start":{"line":66,"column":2},"end":{"line":66,"column":34}},"35":{"start":{"line":67,"column":2},"end":{"line":67,"column":33}},"36":{"start":{"line":68,"column":2},"end":{"line":68,"column":63}},"37":{"start":{"line":65,"column":13},"end":{"line":65,"column":26}},"38":{"start":{"line":71,"column":21},"end":{"line":82,"column":2}},"39":{"start":{"line":71,"column":59},"end":{"line":82,"column":2}},"40":{"start":{"line":72,"column":2},"end":{"line":81,"column":3}},"41":{"start":{"line":73,"column":17},"end":{"line":73,"column":67}},"42":{"start":{"line":74,"column":4},"end":{"line":74,"column":31}},"43":{"start":{"line":76,"column":4},"end":{"line":80,"column":5}},"44":{"start":{"line":77,"column":6},"end":{"line":77,"column":55}},"45":{"start":{"line":79,"column":6},"end":{"line":79,"column":64}},"46":{"start":{"line":71,"column":13},"end":{"line":71,"column":21}},"47":{"start":{"line":84,"column":24},"end":{"line":95,"column":2}},"48":{"start":{"line":84,"column":62},"end":{"line":95,"column":2}},"49":{"start":{"line":85,"column":2},"end":{"line":94,"column":3}},"50":{"start":{"line":86,"column":4},"end":{"line":86,"column":61}},"51":{"start":{"line":87,"column":4},"end":{"line":87,"column":26}},"52":{"start":{"line":89,"column":4},"end":{"line":93,"column":5}},"53":{"start":{"line":90,"column":6},"end":{"line":90,"column":55}},"54":{"start":{"line":92,"column":6},"end":{"line":92,"column":64}},"55":{"start":{"line":84,"column":13},"end":{"line":84,"column":24}},"56":{"start":{"line":97,"column":22},"end":{"line":116,"column":2}},"57":{"start":{"line":97,"column":60},"end":{"line":116,"column":2}},"58":{"start":{"line":98,"column":2},"end":{"line":115,"column":3}},"59":{"start":{"line":99,"column":29},"end":{"line":99,"column":75}},"60":{"start":{"line":101,"column":26},"end":{"line":101,"column":58}},"61":{"start":{"line":103,"column":24},"end":{"line":105,"column":null}},"62":{"start":{"line":108,"column":4},"end":{"line":108,"column":48}},"63":{"start":{"line":110,"column":4},"end":{"line":114,"column":5}},"64":{"start":{"line":111,"column":6},"end":{"line":111,"column":55}},"65":{"start":{"line":113,"column":6},"end":{"line":113,"column":64}},"66":{"start":{"line":97,"column":13},"end":{"line":97,"column":22}}},"fnMap":{"0":{"name":"(anonymous_7)","decl":{"start":{"line":6,"column":28},"end":{"line":6,"column":35}},"loc":{"start":{"line":6,"column":66},"end":{"line":23,"column":2}}},"1":{"name":"(anonymous_8)","decl":{"start":{"line":6,"column":66},"end":{"line":6,"column":null}},"loc":{"start":{"line":6,"column":66},"end":{"line":23,"column":1}}},"2":{"name":"(anonymous_9)","decl":{"start":{"line":25,"column":25},"end":{"line":25,"column":32}},"loc":{"start":{"line":25,"column":63},"end":{"line":43,"column":2}}},"3":{"name":"(anonymous_10)","decl":{"start":{"line":25,"column":63},"end":{"line":25,"column":null}},"loc":{"start":{"line":25,"column":63},"end":{"line":43,"column":1}}},"4":{"name":"(anonymous_11)","decl":{"start":{"line":45,"column":28},"end":{"line":45,"column":35}},"loc":{"start":{"line":45,"column":66},"end":{"line":63,"column":2}}},"5":{"name":"(anonymous_12)","decl":{"start":{"line":45,"column":66},"end":{"line":45,"column":null}},"loc":{"start":{"line":45,"column":66},"end":{"line":63,"column":1}}},"6":{"name":"(anonymous_13)","decl":{"start":{"line":65,"column":26},"end":{"line":65,"column":33}},"loc":{"start":{"line":65,"column":65},"end":{"line":69,"column":2}}},"7":{"name":"(anonymous_14)","decl":{"start":{"line":65,"column":65},"end":{"line":65,"column":null}},"loc":{"start":{"line":65,"column":65},"end":{"line":69,"column":1}}},"8":{"name":"(anonymous_15)","decl":{"start":{"line":71,"column":21},"end":{"line":71,"column":28}},"loc":{"start":{"line":71,"column":59},"end":{"line":82,"column":2}}},"9":{"name":"(anonymous_16)","decl":{"start":{"line":71,"column":59},"end":{"line":71,"column":null}},"loc":{"start":{"line":71,"column":59},"end":{"line":82,"column":1}}},"10":{"name":"(anonymous_17)","decl":{"start":{"line":84,"column":24},"end":{"line":84,"column":31}},"loc":{"start":{"line":84,"column":62},"end":{"line":95,"column":2}}},"11":{"name":"(anonymous_18)","decl":{"start":{"line":84,"column":62},"end":{"line":84,"column":null}},"loc":{"start":{"line":84,"column":62},"end":{"line":95,"column":1}}},"12":{"name":"(anonymous_19)","decl":{"start":{"line":97,"column":22},"end":{"line":97,"column":29}},"loc":{"start":{"line":97,"column":60},"end":{"line":116,"column":2}}},"13":{"name":"(anonymous_20)","decl":{"start":{"line":97,"column":60},"end":{"line":97,"column":null}},"loc":{"start":{"line":97,"column":60},"end":{"line":116,"column":1}}}},"branchMap":{"0":{"loc":{"start":{"line":17,"column":4},"end":{"line":21,"column":5}},"type":"if","locations":[{"start":{"line":17,"column":4},"end":{"line":21,"column":5}},{"start":{"line":19,"column":11},"end":{"line":21,"column":5}}]},"1":{"loc":{"start":{"line":37,"column":4},"end":{"line":41,"column":5}},"type":"if","locations":[{"start":{"line":37,"column":4},"end":{"line":41,"column":5}},{"start":{"line":39,"column":11},"end":{"line":41,"column":5}}]},"2":{"loc":{"start":{"line":48,"column":4},"end":{"line":49,"column":76}},"type":"if","locations":[{"start":{"line":48,"column":4},"end":{"line":49,"column":76}},{"start":{},"end":{}}]},"3":{"loc":{"start":{"line":57,"column":4},"end":{"line":61,"column":5}},"type":"if","locations":[{"start":{"line":57,"column":4},"end":{"line":61,"column":5}},{"start":{"line":59,"column":11},"end":{"line":61,"column":5}}]},"4":{"loc":{"start":{"line":76,"column":4},"end":{"line":80,"column":5}},"type":"if","locations":[{"start":{"line":76,"column":4},"end":{"line":80,"column":5}},{"start":{"line":78,"column":11},"end":{"line":80,"column":5}}]},"5":{"loc":{"start":{"line":89,"column":4},"end":{"line":93,"column":5}},"type":"if","locations":[{"start":{"line":89,"column":4},"end":{"line":93,"column":5}},{"start":{"line":91,"column":11},"end":{"line":93,"column":5}}]},"6":{"loc":{"start":{"line":110,"column":4},"end":{"line":114,"column":5}},"type":"if","locations":[{"start":{"line":110,"column":4},"end":{"line":114,"column":5}},{"start":{"line":112,"column":11},"end":{"line":114,"column":5}}]}},"s":{"0":1,"1":1,"2":1,"3":2,"4":2,"5":2,"6":1,"7":1,"8":1,"9":0,"10":1,"11":1,"12":2,"13":2,"14":2,"15":1,"16":1,"17":1,"18":0,"19":1,"20":1,"21":2,"22":2,"23":2,"24":2,"25":1,"26":1,"27":1,"28":0,"29":0,"30":0,"31":1,"32":1,"33":1,"34":1,"35":1,"36":1,"37":1,"38":1,"39":1,"40":1,"41":1,"42":1,"43":0,"44":0,"45":0,"46":1,"47":1,"48":1,"49":1,"50":1,"51":1,"52":0,"53":0,"54":0,"55":1,"56":1,"57":1,"58":1,"59":1,"60":1,"61":1,"62":1,"63":0,"64":0,"65":0,"66":1},"f":{"0":2,"1":2,"2":2,"3":2,"4":2,"5":2,"6":1,"7":1,"8":1,"9":1,"10":1,"11":1,"12":1,"13":1},"b":{"0":[1,0],"1":[1,0],"2":[1,1],"3":[0,0],"4":[0,0],"5":[0,0],"6":[0,0]}}
,"/home/narayanp/Documents/ASSESMENT/Recipe_Sharing_Platform/backend/src/controllers/recipe.controller.ts": {"path":"/home/narayanp/Documents/ASSESMENT/Recipe_Sharing_Platform/backend/src/controllers/recipe.controller.ts","statementMap":{"0":{"start":{"line":2,"column":0},"end":{"line":2,"column":49}},"1":{"start":{"line":3,"column":0},"end":{"line":3,"column":59}},"2":{"start":{"line":4,"column":0},"end":{"line":4,"column":47}},"3":{"start":{"line":5,"column":0},"end":{"line":5,"column":32}},"4":{"start":{"line":18,"column":26},"end":{"line":64,"column":2}},"5":{"start":{"line":21,"column":4},"end":{"line":64,"column":2}},"6":{"start":{"line":30,"column":6},"end":{"line":30,"column":15}},"7":{"start":{"line":32,"column":21},"end":{"line":32,"column":39}},"8":{"start":{"line":33,"column":22},"end":{"line":33,"column":41}},"9":{"start":{"line":34,"column":22},"end":{"line":34,"column":51}},"10":{"start":{"line":35,"column":26},"end":{"line":35,"column":71}},"11":{"start":{"line":36,"column":24},"end":{"line":36,"column":67}},"12":{"start":{"line":38,"column":33},"end":{"line":38,"column":35}},"13":{"start":{"line":40,"column":2},"end":{"line":43,"column":3}},"14":{"start":{"line":41,"column":29},"end":{"line":41,"column":78}},"15":{"start":{"line":41,"column":66},"end":{"line":41,"column":77}},"16":{"start":{"line":42,"column":4},"end":{"line":42,"column":53}},"17":{"start":{"line":45,"column":2},"end":{"line":47,"column":3}},"18":{"start":{"line":46,"column":4},"end":{"line":46,"column":47}},"19":{"start":{"line":49,"column":2},"end":{"line":51,"column":3}},"20":{"start":{"line":50,"column":4},"end":{"line":50,"column":54}},"21":{"start":{"line":53,"column":15},"end":{"line":53,"column":45}},"22":{"start":{"line":55,"column":18},"end":{"line":60,"column":null}},"23":{"start":{"line":63,"column":2},"end":{"line":63,"column":39}},"24":{"start":{"line":18,"column":13},"end":{"line":18,"column":26}},"25":{"start":{"line":67,"column":13},"end":{"line":83,"column":2}},"26":{"start":{"line":68,"column":40},"end":{"line":82,"column":null}},"27":{"start":{"line":69,"column":19},"end":{"line":69,"column":67}},"28":{"start":{"line":70,"column":4},"end":{"line":73,"column":5}},"29":{"start":{"line":71,"column":6},"end":{"line":71,"column":60}},"30":{"start":{"line":72,"column":6},"end":{"line":72,"column":13}},"31":{"start":{"line":74,"column":25},"end":{"line":74,"column":52}},"32":{"start":{"line":75,"column":4},"end":{"line":81,"column":5}},"33":{"start":{"line":76,"column":6},"end":{"line":76,"column":39}},"34":{"start":{"line":77,"column":6},"end":{"line":77,"column":13}},"35":{"start":{"line":79,"column":6},"end":{"line":79,"column":66}},"36":{"start":{"line":80,"column":6},"end":{"line":80,"column":13}},"37":{"start":{"line":85,"column":13},"end":{"line":95,"column":2}},"38":{"start":{"line":86,"column":40},"end":{"line":94,"column":null}},"39":{"start":{"line":87,"column":17},"end":{"line":89,"column":null}},"40":{"start":{"line":91,"column":26},"end":{"line":91,"column":54}},"41":{"start":{"line":92,"column":19},"end":{"line":92,"column":69}},"42":{"start":{"line":93,"column":4},"end":{"line":93,"column":37}},"43":{"start":{"line":97,"column":13},"end":{"line":109,"column":3}},"44":{"start":{"line":97,"column":77},"end":{"line":109,"column":2}},"45":{"start":{"line":98,"column":18},"end":{"line":98,"column":26}},"46":{"start":{"line":99,"column":27},"end":{"line":99,"column":50}},"47":{"start":{"line":100,"column":17},"end":{"line":100,"column":48}},"48":{"start":{"line":102,"column":24},"end":{"line":102,"column":79}},"49":{"start":{"line":104,"column":2},"end":{"line":107,"column":3}},"50":{"start":{"line":105,"column":4},"end":{"line":105,"column":58}},"51":{"start":{"line":106,"column":4},"end":{"line":106,"column":11}},"52":{"start":{"line":108,"column":2},"end":{"line":108,"column":77}},"53":{"start":{"line":111,"column":13},"end":{"line":133,"column":2}},"54":{"start":{"line":112,"column":40},"end":{"line":132,"column":null}},"55":{"start":{"line":113,"column":20},"end":{"line":113,"column":47}},"56":{"start":{"line":115,"column":19},"end":{"line":115,"column":67}},"57":{"start":{"line":117,"column":4},"end":{"line":120,"column":5}},"58":{"start":{"line":118,"column":6},"end":{"line":118,"column":60}},"59":{"start":{"line":119,"column":6},"end":{"line":119,"column":13}},"60":{"start":{"line":122,"column":25},"end":{"line":122,"column":52}},"61":{"start":{"line":124,"column":4},"end":{"line":129,"column":5}},"62":{"start":{"line":125,"column":6},"end":{"line":127,"column":69}},"63":{"start":{"line":128,"column":6},"end":{"line":128,"column":13}},"64":{"start":{"line":130,"column":4},"end":{"line":130,"column":52}},"65":{"start":{"line":131,"column":4},"end":{"line":131,"column":26}}},"fnMap":{"0":{"name":"(anonymous_8)","decl":{"start":{"line":18,"column":26},"end":{"line":18,"column":null}},"loc":{"start":{"line":21,"column":4},"end":{"line":64,"column":2}}},"1":{"name":"(anonymous_9)","decl":{"start":{"line":21,"column":4},"end":{"line":21,"column":null}},"loc":{"start":{"line":21,"column":4},"end":{"line":64,"column":1}}},"2":{"name":"(anonymous_10)","decl":{"start":{"line":41,"column":56},"end":{"line":41,"column":57}},"loc":{"start":{"line":41,"column":66},"end":{"line":41,"column":77}}},"3":{"name":"(anonymous_11)","decl":{"start":{"line":68,"column":2},"end":{"line":68,"column":9}},"loc":{"start":{"line":68,"column":40},"end":{"line":82,"column":null}}},"4":{"name":"(anonymous_12)","decl":{"start":{"line":68,"column":40},"end":{"line":68,"column":null}},"loc":{"start":{"line":68,"column":40},"end":{"line":82,"column":3}}},"5":{"name":"(anonymous_13)","decl":{"start":{"line":86,"column":2},"end":{"line":86,"column":9}},"loc":{"start":{"line":86,"column":40},"end":{"line":94,"column":null}}},"6":{"name":"(anonymous_14)","decl":{"start":{"line":86,"column":40},"end":{"line":86,"column":null}},"loc":{"start":{"line":86,"column":40},"end":{"line":94,"column":3}}},"7":{"name":"(anonymous_15)","decl":{"start":{"line":97,"column":39},"end":{"line":97,"column":46}},"loc":{"start":{"line":97,"column":77},"end":{"line":109,"column":2}}},"8":{"name":"(anonymous_16)","decl":{"start":{"line":97,"column":77},"end":{"line":97,"column":null}},"loc":{"start":{"line":97,"column":77},"end":{"line":109,"column":1}}},"9":{"name":"(anonymous_17)","decl":{"start":{"line":112,"column":2},"end":{"line":112,"column":9}},"loc":{"start":{"line":112,"column":40},"end":{"line":132,"column":null}}},"10":{"name":"(anonymous_18)","decl":{"start":{"line":112,"column":40},"end":{"line":112,"column":null}},"loc":{"start":{"line":112,"column":40},"end":{"line":132,"column":3}}}},"branchMap":{"0":{"loc":{"start":{"line":26,"column":4},"end":{"line":26,"column":14}},"type":"default-arg","locations":[{"start":{"line":26,"column":11},"end":{"line":26,"column":14}}]},"1":{"loc":{"start":{"line":27,"column":4},"end":{"line":27,"column":16}},"type":"default-arg","locations":[{"start":{"line":27,"column":12},"end":{"line":27,"column":16}}]},"2":{"loc":{"start":{"line":28,"column":4},"end":{"line":28,"column":24}},"type":"default-arg","locations":[{"start":{"line":28,"column":13},"end":{"line":28,"column":24}}]},"3":{"loc":{"start":{"line":29,"column":4},"end":{"line":29,"column":15}},"type":"default-arg","locations":[{"start":{"line":29,"column":12},"end":{"line":29,"column":15}}]},"4":{"loc":{"start":{"line":35,"column":26},"end":{"line":35,"column":71}},"type":"cond-expr","locations":[{"start":{"line":35,"column":38},"end":{"line":35,"column":59}},{"start":{"line":35,"column":62},"end":{"line":35,"column":71}}]},"5":{"loc":{"start":{"line":36,"column":24},"end":{"line":36,"column":67}},"type":"cond-expr","locations":[{"start":{"line":36,"column":34},"end":{"line":36,"column":55}},{"start":{"line":36,"column":58},"end":{"line":36,"column":67}}]},"6":{"loc":{"start":{"line":40,"column":2},"end":{"line":43,"column":3}},"type":"if","locations":[{"start":{"line":40,"column":2},"end":{"line":43,"column":3}},{"start":{},"end":{}}]},"7":{"loc":{"start":{"line":45,"column":2},"end":{"line":47,"column":3}},"type":"if","locations":[{"start":{"line":45,"column":2},"end":{"line":47,"column":3}},{"start":{},"end":{}}]},"8":{"loc":{"start":{"line":49,"column":2},"end":{"line":51,"column":3}},"type":"if","locations":[{"start":{"line":49,"column":2},"end":{"line":51,"column":3}},{"start":{},"end":{}}]},"9":{"loc":{"start":{"line":70,"column":4},"end":{"line":73,"column":5}},"type":"if","locations":[{"start":{"line":70,"column":4},"end":{"line":73,"column":5}},{"start":{},"end":{}}]},"10":{"loc":{"start":{"line":75,"column":4},"end":{"line":81,"column":5}},"type":"if","locations":[{"start":{"line":75,"column":4},"end":{"line":81,"column":5}},{"start":{"line":78,"column":11},"end":{"line":81,"column":5}}]},"11":{"loc":{"start":{"line":104,"column":2},"end":{"line":107,"column":3}},"type":"if","locations":[{"start":{"line":104,"column":2},"end":{"line":107,"column":3}},{"start":{},"end":{}}]},"12":{"loc":{"start":{"line":117,"column":4},"end":{"line":120,"column":5}},"type":"if","locations":[{"start":{"line":117,"column":4},"end":{"line":120,"column":5}},{"start":{},"end":{}}]},"13":{"loc":{"start":{"line":124,"column":4},"end":{"line":129,"column":5}},"type":"if","locations":[{"start":{"line":124,"column":4},"end":{"line":129,"column":5}},{"start":{},"end":{}}]}},"s":{"0":1,"1":1,"2":1,"3":1,"4":1,"5":1,"6":1,"7":1,"8":1,"9":1,"10":1,"11":1,"12":1,"13":1,"14":0,"15":0,"16":0,"17":1,"18":0,"19":1,"20":0,"21":1,"22":1,"23":1,"24":1,"25":1,"26":2,"27":2,"28":2,"29":1,"30":1,"31":1,"32":1,"33":1,"34":1,"35":0,"36":0,"37":1,"38":2,"39":2,"40":2,"41":1,"42":1,"43":1,"44":2,"45":2,"46":2,"47":2,"48":2,"49":2,"50":1,"51":1,"52":1,"53":1,"54":2,"55":2,"56":2,"57":2,"58":0,"59":0,"60":2,"61":2,"62":1,"63":1,"64":1,"65":1},"f":{"0":1,"1":1,"2":0,"3":2,"4":2,"5":2,"6":2,"7":2,"8":2,"9":2,"10":2},"b":{"0":[1],"1":[1],"2":[1],"3":[1],"4":[0,1],"5":[0,1],"6":[0,1],"7":[0,1],"8":[0,1],"9":[1,1],"10":[1,0],"11":[1,1],"12":[0,2],"13":[1,1]}}
,"/home/narayanp/Documents/ASSESMENT/Recipe_Sharing_Platform/backend/src/middlewares/errorHandler.ts": {"path":"/home/narayanp/Documents/ASSESMENT/Recipe_Sharing_Platform/backend/src/middlewares/errorHandler.ts","statementMap":{"0":{"start":{"line":2,"column":0},"end":{"line":2,"column":31}},"1":{"start":{"line":3,"column":0},"end":{"line":3,"column":32}},"2":{"start":{"line":5,"column":21},"end":{"line":36,"column":1}},"3":{"start":{"line":11,"column":19},"end":{"line":11,"column":64}},"4":{"start":{"line":12,"column":16},"end":{"line":12,"column":27}},"5":{"start":{"line":13,"column":15},"end":{"line":13,"column":24}},"6":{"start":{"line":15,"column":2},"end":{"line":18,"column":3}},"7":{"start":{"line":16,"column":4},"end":{"line":16,"column":21}},"8":{"start":{"line":17,"column":4},"end":{"line":17,"column":39}},"9":{"start":{"line":20,"column":2},"end":{"line":23,"column":3}},"10":{"start":{"line":21,"column":4},"end":{"line":21,"column":21}},"11":{"start":{"line":22,"column":4},"end":{"line":22,"column":57}},"12":{"start":{"line":25,"column":2},"end":{"line":29,"column":3}},"13":{"start":{"line":26,"column":4},"end":{"line":26,"column":21}},"14":{"start":{"line":27,"column":4},"end":{"line":27,"column":40}},"15":{"start":{"line":28,"column":4},"end":{"line":28,"column":38}},"16":{"start":{"line":31,"column":2},"end":{"line":35,"column":5}},"17":{"start":{"line":38,"column":0},"end":{"line":38,"column":28}}},"fnMap":{"0":{"name":"(anonymous_1)","decl":{"start":{"line":5,"column":21},"end":{"line":5,"column":null}},"loc":{"start":{"line":10,"column":10},"end":{"line":36,"column":1}}}},"branchMap":{"0":{"loc":{"start":{"line":11,"column":19},"end":{"line":11,"column":64}},"type":"cond-expr","locations":[{"start":{"line":11,"column":44},"end":{"line":11,"column":58}},{"start":{"line":11,"column":61},"end":{"line":11,"column":64}}]},"1":{"loc":{"start":{"line":15,"column":2},"end":{"line":18,"column":3}},"type":"if","locations":[{"start":{"line":15,"column":2},"end":{"line":18,"column":3}},{"start":{},"end":{}}]},"2":{"loc":{"start":{"line":20,"column":2},"end":{"line":23,"column":3}},"type":"if","locations":[{"start":{"line":20,"column":2},"end":{"line":23,"column":3}},{"start":{},"end":{}}]},"3":{"loc":{"start":{"line":25,"column":2},"end":{"line":29,"column":3}},"type":"if","locations":[{"start":{"line":25,"column":2},"end":{"line":29,"column":3}},{"start":{},"end":{}}]},"4":{"loc":{"start":{"line":33,"column":8},"end":{"line":33,"column":32}},"type":"cond-expr","locations":[{"start":{"line":33,"column":17},"end":{"line":33,"column":27}},{"start":{"line":33,"column":30},"end":{"line":33,"column":32}}]},"5":{"loc":{"start":{"line":34,"column":11},"end":{"line":34,"column":67}},"type":"cond-expr","locations":[{"start":{"line":34,"column":51},"end":{"line":34,"column":55}},{"start":{"line":34,"column":58},"end":{"line":34,"column":67}}]}},"s":{"0":1,"1":1,"2":1,"3":1,"4":1,"5":1,"6":1,"7":0,"8":0,"9":1,"10":0,"11":0,"12":1,"13":1,"14":1,"15":1,"16":1,"17":1},"f":{"0":1},"b":{"0":[1,0],"1":[0,1],"2":[0,1],"3":[1,0],"4":[1,0],"5":[0,1]}}
,"/home/narayanp/Documents/ASSESMENT/Recipe_Sharing_Platform/backend/src/models/recipe.model.ts": {"path":"/home/narayanp/Documents/ASSESMENT/Recipe_Sharing_Platform/backend/src/models/recipe.model.ts","statementMap":{"0":{"start":{"line":1,"column":0},"end":{"line":1,"column":41}},"1":{"start":{"line":4,"column":21},"end":{"line":17,"column":null}},"2":{"start":{"line":20,"column":0},"end":{"line":20,"column":72}},"3":{"start":{"line":22,"column":13},"end":{"line":22,"column":65}}},"fnMap":{},"branchMap":{},"s":{"0":2,"1":2,"2":2,"3":2},"f":{},"b":{}}
,"/home/narayanp/Documents/ASSESMENT/Recipe_Sharing_Platform/backend/src/models/user.model.ts": {"path":"/home/narayanp/Documents/ASSESMENT/Recipe_Sharing_Platform/backend/src/models/user.model.ts","statementMap":{"0":{"start":{"line":1,"column":0},"end":{"line":1,"column":41}},"1":{"start":{"line":4,"column":19},"end":{"line":13,"column":null}},"2":{"start":{"line":16,"column":13},"end":{"line":16,"column":57}}},"fnMap":{},"branchMap":{},"s":{"0":2,"1":2,"2":2},"f":{},"b":{}}
,"/home/narayanp/Documents/ASSESMENT/Recipe_Sharing_Platform/backend/src/repositories/auth.repository.ts": {"path":"/home/narayanp/Documents/ASSESMENT/Recipe_Sharing_Platform/backend/src/repositories/auth.repository.ts","statementMap":{"0":{"start":{"line":2,"column":0},"end":{"line":2,"column":51}},"1":{"start":{"line":3,"column":0},"end":{"line":3,"column":49}},"2":{"start":{"line":8,"column":4},"end":{"line":8,"column":21}},"3":{"start":{"line":12,"column":4},"end":{"line":12,"column":41}},"4":{"start":{"line":16,"column":4},"end":{"line":19,"column":7}},"5":{"start":{"line":22,"column":4},"end":{"line":22,"column":43}},"6":{"start":{"line":26,"column":13},"end":{"line":26,"column":51}}},"fnMap":{"0":{"name":"(anonymous_7)","decl":{"start":{"line":7,"column":2},"end":{"line":7,"column":null}},"loc":{"start":{"line":7,"column":2},"end":{"line":9,"column":3}}},"1":{"name":"(anonymous_8)","decl":{"start":{"line":11,"column":8},"end":{"line":11,"column":19}},"loc":{"start":{"line":11,"column":33},"end":{"line":13,"column":null}}},"2":{"name":"(anonymous_10)","decl":{"start":{"line":15,"column":8},"end":{"line":15,"column":14}},"loc":{"start":{"line":15,"column":49},"end":{"line":20,"column":null}}},"3":{"name":"(anonymous_12)","decl":{"start":{"line":21,"column":8},"end":{"line":21,"column":16}},"loc":{"start":{"line":21,"column":27},"end":{"line":23,"column":null}}}},"branchMap":{},"s":{"0":2,"1":2,"2":2,"3":0,"4":0,"5":0,"6":2},"f":{"0":2,"1":0,"2":0,"3":0},"b":{}}
,"/home/narayanp/Documents/ASSESMENT/Recipe_Sharing_Platform/backend/src/repositories/base.repository.ts": {"path":"/home/narayanp/Documents/ASSESMENT/Recipe_Sharing_Platform/backend/src/repositories/base.repository.ts","statementMap":{"0":{"start":{"line":2,"column":0},"end":{"line":2,"column":40}},"1":{"start":{"line":8,"column":4},"end":{"line":8,"column":23}},"2":{"start":{"line":12,"column":4},"end":{"line":12,"column":55}},"3":{"start":{"line":16,"column":4},"end":{"line":16,"column":35}},"4":{"start":{"line":19,"column":16},"end":{"line":21,"column":null}},"5":{"start":{"line":20,"column":4},"end":{"line":20,"column":35}},"6":{"start":{"line":24,"column":4},"end":{"line":24,"column":65}},"7":{"start":{"line":28,"column":4},"end":{"line":28,"column":44}},"8":{"start":{"line":4,"column":0},"end":{"line":4,"column":13}}},"fnMap":{"0":{"name":"(anonymous_7)","decl":{"start":{"line":7,"column":2},"end":{"line":7,"column":14}},"loc":{"start":{"line":7,"column":29},"end":{"line":9,"column":3}}},"1":{"name":"(anonymous_8)","decl":{"start":{"line":11,"column":8},"end":{"line":11,"column":16}},"loc":{"start":{"line":11,"column":27},"end":{"line":13,"column":null}}},"2":{"name":"(anonymous_10)","decl":{"start":{"line":15,"column":8},"end":{"line":15,"column":14}},"loc":{"start":{"line":15,"column":31},"end":{"line":17,"column":null}}},"3":{"name":"(anonymous_12)","decl":{"start":{"line":19,"column":8},"end":{"line":19,"column":15}},"loc":{"start":{"line":19,"column":15},"end":{"line":21,"column":null}}},"4":{"name":"(anonymous_13)","decl":{"start":{"line":19,"column":16},"end":{"line":19,"column":63}},"loc":{"start":{"line":19,"column":65},"end":{"line":21,"column":3}}},"5":{"name":"(anonymous_14)","decl":{"start":{"line":23,"column":8},"end":{"line":23,"column":14}},"loc":{"start":{"line":23,"column":43},"end":{"line":25,"column":null}}},"6":{"name":"(anonymous_16)","decl":{"start":{"line":27,"column":8},"end":{"line":27,"column":14}},"loc":{"start":{"line":27,"column":25},"end":{"line":29,"column":null}}}},"branchMap":{"0":{"loc":{"start":{"line":19,"column":16},"end":{"line":19,"column":65}},"type":"default-arg","locations":[{"start":{"line":19,"column":63},"end":{"line":19,"column":65}}]}},"s":{"0":4,"1":4,"2":0,"3":0,"4":0,"5":0,"6":0,"7":0,"8":4},"f":{"0":4,"1":0,"2":0,"3":0,"4":0,"5":0,"6":0},"b":{"0":[0]}}
,"/home/narayanp/Documents/ASSESMENT/Recipe_Sharing_Platform/backend/src/repositories/recipe.repository.ts": {"path":"/home/narayanp/Documents/ASSESMENT/Recipe_Sharing_Platform/backend/src/repositories/recipe.repository.ts","statementMap":{"0":{"start":{"line":1,"column":0},"end":{"line":1,"column":51}},"1":{"start":{"line":2,"column":0},"end":{"line":2,"column":53}},"2":{"start":{"line":8,"column":4},"end":{"line":8,"column":23}},"3":{"start":{"line":11,"column":4},"end":{"line":22,"column":null}},"4":{"start":{"line":17,"column":4},"end":{"line":21,"column":33}},"5":{"start":{"line":25,"column":4},"end":{"line":28,"column":7}},"6":{"start":{"line":32,"column":13},"end":{"line":32,"column":55}}},"fnMap":{"0":{"name":"(anonymous_7)","decl":{"start":{"line":7,"column":2},"end":{"line":7,"column":null}},"loc":{"start":{"line":7,"column":2},"end":{"line":9,"column":3}}},"1":{"name":"(anonymous_8)","decl":{"start":{"line":10,"column":8},"end":{"line":10,"column":23}},"loc":{"start":{"line":10,"column":23},"end":{"line":22,"column":null}}},"2":{"name":"(anonymous_9)","decl":{"start":{"line":11,"column":4},"end":{"line":11,"column":26}},"loc":{"start":{"line":15,"column":21},"end":{"line":22,"column":3}}},"3":{"name":"(anonymous_10)","decl":{"start":{"line":24,"column":8},"end":{"line":24,"column":18}},"loc":{"start":{"line":24,"column":57},"end":{"line":29,"column":null}}}},"branchMap":{"0":{"loc":{"start":{"line":12,"column":4},"end":{"line":12,"column":22}},"type":"default-arg","locations":[{"start":{"line":12,"column":20},"end":{"line":12,"column":22}}]},"1":{"loc":{"start":{"line":13,"column":4},"end":{"line":13,"column":20}},"type":"default-arg","locations":[{"start":{"line":13,"column":19},"end":{"line":13,"column":20}}]},"2":{"loc":{"start":{"line":14,"column":4},"end":{"line":14,"column":32}},"type":"default-arg","locations":[{"start":{"line":14,"column":21},"end":{"line":14,"column":32}}]},"3":{"loc":{"start":{"line":15,"column":4},"end":{"line":15,"column":21}},"type":"default-arg","locations":[{"start":{"line":15,"column":20},"end":{"line":15,"column":21}}]}},"s":{"0":2,"1":2,"2":2,"3":0,"4":0,"5":0,"6":2},"f":{"0":2,"1":0,"2":0,"3":0},"b":{"0":[0],"1":[0],"2":[0],"3":[0]}}
,"/home/narayanp/Documents/ASSESMENT/Recipe_Sharing_Platform/backend/src/services/auth.service.ts": {"path":"/home/narayanp/Documents/ASSESMENT/Recipe_Sharing_Platform/backend/src/services/auth.service.ts","statementMap":{"0":{"start":{"line":1,"column":0},"end":{"line":1,"column":28}},"1":{"start":{"line":2,"column":0},"end":{"line":2,"column":65}},"2":{"start":{"line":4,"column":0},"end":{"line":4,"column":null}},"3":{"start":{"line":12,"column":17},"end":{"line":12,"column":54}},"4":{"start":{"line":13,"column":4},"end":{"line":13,"column":49}},"5":{"start":{"line":13,"column":15},"end":{"line":13,"column":49}},"6":{"start":{"line":14,"column":4},"end":{"line":14,"column":16}},"7":{"start":{"line":17,"column":21},"end":{"line":17,"column":65}},"8":{"start":{"line":18,"column":4},"end":{"line":18,"column":58}},"9":{"start":{"line":18,"column":18},"end":{"line":18,"column":58}},"10":{"start":{"line":20,"column":27},"end":{"line":20,"column":63}},"11":{"start":{"line":21,"column":17},"end":{"line":23,"column":null}},"12":{"start":{"line":26,"column":24},"end":{"line":26,"column":64}},"13":{"start":{"line":27,"column":25},"end":{"line":27,"column":66}},"14":{"start":{"line":29,"column":4},"end":{"line":29,"column":47}},"15":{"start":{"line":33,"column":17},"end":{"line":33,"column":56}},"16":{"start":{"line":34,"column":4},"end":{"line":34,"column":54}},"17":{"start":{"line":34,"column":15},"end":{"line":34,"column":54}},"18":{"start":{"line":36,"column":18},"end":{"line":36,"column":63}},"19":{"start":{"line":37,"column":4},"end":{"line":37,"column":55}},"20":{"start":{"line":37,"column":16},"end":{"line":37,"column":55}},"21":{"start":{"line":39,"column":24},"end":{"line":39,"column":64}},"22":{"start":{"line":40,"column":25},"end":{"line":40,"column":66}},"23":{"start":{"line":42,"column":4},"end":{"line":42,"column":47}},"24":{"start":{"line":46,"column":19},"end":{"line":46,"column":44}},"25":{"start":{"line":47,"column":4},"end":{"line":47,"column":69}},"26":{"start":{"line":47,"column":17},"end":{"line":47,"column":69}},"27":{"start":{"line":49,"column":24},"end":{"line":49,"column":51}},"28":{"start":{"line":50,"column":4},"end":{"line":50,"column":27}},"29":{"start":{"line":54,"column":17},"end":{"line":54,"column":53}},"30":{"start":{"line":55,"column":45},"end":{"line":55,"column":60}},"31":{"start":{"line":55,"column":31},"end":{"line":55,"column":36}},"32":{"start":{"line":55,"column":40},"end":{"line":55,"column":45}},"33":{"start":{"line":56,"column":4},"end":{"line":56,"column":16}},"34":{"start":{"line":59,"column":4},"end":{"line":59,"column":41}},"35":{"start":{"line":60,"column":4},"end":{"line":60,"column":42}},"36":{"start":{"line":64,"column":4},"end":{"line":64,"column":41}},"37":{"start":{"line":65,"column":24},"end":{"line":65,"column":68}},"38":{"start":{"line":67,"column":4},"end":{"line":67,"column":63}},"39":{"start":{"line":67,"column":22},"end":{"line":67,"column":63}},"40":{"start":{"line":69,"column":45},"end":{"line":69,"column":67}},"41":{"start":{"line":69,"column":31},"end":{"line":69,"column":36}},"42":{"start":{"line":69,"column":40},"end":{"line":69,"column":45}},"43":{"start":{"line":70,"column":4},"end":{"line":70,"column":16}},"44":{"start":{"line":74,"column":13},"end":{"line":74,"column":45}}},"fnMap":{"0":{"name":"(anonymous_9)","decl":{"start":{"line":11,"column":16},"end":{"line":11,"column":33}},"loc":{"start":{"line":11,"column":48},"end":{"line":15,"column":null}}},"1":{"name":"(anonymous_11)","decl":{"start":{"line":16,"column":8},"end":{"line":16,"column":16}},"loc":{"start":{"line":16,"column":60},"end":{"line":30,"column":null}}},"2":{"name":"(anonymous_13)","decl":{"start":{"line":32,"column":8},"end":{"line":32,"column":13}},"loc":{"start":{"line":32,"column":45},"end":{"line":43,"column":null}}},"3":{"name":"(anonymous_15)","decl":{"start":{"line":45,"column":8},"end":{"line":45,"column":15}},"loc":{"start":{"line":45,"column":29},"end":{"line":51,"column":null}}},"4":{"name":"(anonymous_17)","decl":{"start":{"line":53,"column":8},"end":{"line":53,"column":10}},"loc":{"start":{"line":53,"column":25},"end":{"line":57,"column":null}}},"5":{"name":"(anonymous_19)","decl":{"start":{"line":58,"column":8},"end":{"line":58,"column":16}},"loc":{"start":{"line":58,"column":31},"end":{"line":61,"column":null}}},"6":{"name":"(anonymous_21)","decl":{"start":{"line":63,"column":8},"end":{"line":63,"column":14}},"loc":{"start":{"line":63,"column":53},"end":{"line":71,"column":null}}}},"branchMap":{"0":{"loc":{"start":{"line":13,"column":4},"end":{"line":13,"column":49}},"type":"if","locations":[{"start":{"line":13,"column":4},"end":{"line":13,"column":49}},{"start":{},"end":{}}]},"1":{"loc":{"start":{"line":18,"column":4},"end":{"line":18,"column":58}},"type":"if","locations":[{"start":{"line":18,"column":4},"end":{"line":18,"column":58}},{"start":{},"end":{}}]},"2":{"loc":{"start":{"line":34,"column":4},"end":{"line":34,"column":54}},"type":"if","locations":[{"start":{"line":34,"column":4},"end":{"line":34,"column":54}},{"start":{},"end":{}}]},"3":{"loc":{"start":{"line":37,"column":4},"end":{"line":37,"column":55}},"type":"if","locations":[{"start":{"line":37,"column":4},"end":{"line":37,"column":55}},{"start":{},"end":{}}]},"4":{"loc":{"start":{"line":47,"column":4},"end":{"line":47,"column":69}},"type":"if","locations":[{"start":{"line":47,"column":4},"end":{"line":47,"column":69}},{"start":{},"end":{}}]},"5":{"loc":{"start":{"line":67,"column":4},"end":{"line":67,"column":63}},"type":"if","locations":[{"start":{"line":67,"column":4},"end":{"line":67,"column":63}},{"start":{},"end":{}}]}},"s":{"0":2,"1":2,"2":2,"3":3,"4":3,"5":0,"6":3,"7":2,"8":2,"9":1,"10":1,"11":1,"12":1,"13":1,"14":1,"15":3,"16":3,"17":1,"18":2,"19":2,"20":1,"21":1,"22":1,"23":1,"24":2,"25":2,"26":1,"27":1,"28":1,"29":1,"30":1,"31":1,"32":1,"33":1,"34":1,"35":1,"36":1,"37":1,"38":1,"39":0,"40":1,"41":1,"42":1,"43":1,"44":2},"f":{"0":3,"1":2,"2":3,"3":2,"4":1,"5":1,"6":1},"b":{"0":[0,3],"1":[1,1],"2":[1,2],"3":[1,1],"4":[1,1],"5":[0,1]}}
,"/home/narayanp/Documents/ASSESMENT/Recipe_Sharing_Platform/backend/src/services/recipe.service.ts": {"path":"/home/narayanp/Documents/ASSESMENT/Recipe_Sharing_Platform/backend/src/services/recipe.service.ts","statementMap":{"0":{"start":{"line":1,"column":0},"end":{"line":1,"column":69}},"1":{"start":{"line":7,"column":26},"end":{"line":7,"column":61}},"2":{"start":{"line":8,"column":4},"end":{"line":8,"column":67}},"3":{"start":{"line":8,"column":24},"end":{"line":8,"column":67}},"4":{"start":{"line":9,"column":4},"end":{"line":9,"column":25}},"5":{"start":{"line":13,"column":19},"end":{"line":13,"column":54}},"6":{"start":{"line":14,"column":4},"end":{"line":14,"column":18}},"7":{"start":{"line":24,"column":4},"end":{"line":30,"column":6}},"8":{"start":{"line":34,"column":4},"end":{"line":34,"column":60}},"9":{"start":{"line":38,"column":4},"end":{"line":38,"column":38}},"10":{"start":{"line":42,"column":13},"end":{"line":42,"column":49}}},"fnMap":{"0":{"name":"(anonymous_7)","decl":{"start":{"line":6,"column":8},"end":{"line":6,"column":23}},"loc":{"start":{"line":6,"column":36},"end":{"line":10,"column":null}}},"1":{"name":"(anonymous_9)","decl":{"start":{"line":12,"column":8},"end":{"line":12,"column":21}},"loc":{"start":{"line":12,"column":32},"end":{"line":15,"column":null}}},"2":{"name":"(anonymous_11)","decl":{"start":{"line":17,"column":8},"end":{"line":17,"column":26}},"loc":{"start":{"line":22,"column":17},"end":{"line":31,"column":null}}},"3":{"name":"(anonymous_13)","decl":{"start":{"line":33,"column":8},"end":{"line":33,"column":20}},"loc":{"start":{"line":33,"column":59},"end":{"line":35,"column":null}}},"4":{"name":"(anonymous_15)","decl":{"start":{"line":37,"column":8},"end":{"line":37,"column":20}},"loc":{"start":{"line":37,"column":31},"end":{"line":39,"column":null}}}},"branchMap":{"0":{"loc":{"start":{"line":8,"column":4},"end":{"line":8,"column":67}},"type":"if","locations":[{"start":{"line":8,"column":4},"end":{"line":8,"column":67}},{"start":{},"end":{}}]}},"s":{"0":2,"1":2,"2":2,"3":1,"4":1,"5":1,"6":1,"7":1,"8":1,"9":1,"10":2},"f":{"0":2,"1":1,"2":1,"3":1,"4":1},"b":{"0":[1,1]}}
,"/home/narayanp/Documents/ASSESMENT/Recipe_Sharing_Platform/backend/src/utils/jwt.ts": {"path":"/home/narayanp/Documents/ASSESMENT/Recipe_Sharing_Platform/backend/src/utils/jwt.ts","statementMap":{"0":{"start":{"line":6,"column":0},"end":{"line":6,"column":16}},"1":{"start":{"line":12,"column":0},"end":{"line":12,"column":16}},"2":{"start":{"line":16,"column":0},"end":{"line":16,"column":16}},"3":{"start":{"line":1,"column":0},"end":{"line":1,"column":31}},"4":{"start":{"line":3,"column":28},"end":{"line":3,"column":51}},"5":{"start":{"line":4,"column":29},"end":{"line":4,"column":60}},"6":{"start":{"line":7,"column":2},"end":{"line":9,"column":5}},"7":{"start":{"line":13,"column":2},"end":{"line":13,"column":73}},"8":{"start":{"line":17,"column":2},"end":{"line":24,"column":3}},"9":{"start":{"line":18,"column":20},"end":{"line":18,"column":null}},"10":{"start":{"line":21,"column":4},"end":{"line":21,"column":26}},"11":{"start":{"line":23,"column":4},"end":{"line":23,"column":16}}},"fnMap":{"0":{"name":"generateAccessToken","decl":{"start":{"line":6,"column":16},"end":{"line":6,"column":35}},"loc":{"start":{"line":6,"column":50},"end":{"line":10,"column":1}}},"1":{"name":"generateRefreshToken","decl":{"start":{"line":12,"column":16},"end":{"line":12,"column":36}},"loc":{"start":{"line":12,"column":51},"end":{"line":14,"column":1}}},"2":{"name":"verifyRefreshToken","decl":{"start":{"line":16,"column":16},"end":{"line":16,"column":34}},"loc":{"start":{"line":16,"column":48},"end":{"line":25,"column":1}}}},"branchMap":{},"s":{"0":2,"1":2,"2":2,"3":2,"4":2,"5":2,"6":0,"7":0,"8":0,"9":0,"10":0,"11":0},"f":{"0":0,"1":0,"2":0},"b":{}}
,"/home/narayanp/Documents/ASSESMENT/Recipe_Sharing_Platform/backend/src/zod/schemas.ts": {"path":"/home/narayanp/Documents/ASSESMENT/Recipe_Sharing_Platform/backend/src/zod/schemas.ts","statementMap":{"0":{"start":{"line":1,"column":0},"end":{"line":1,"column":33}},"1":{"start":{"line":2,"column":0},"end":{"line":2,"column":24}},"2":{"start":{"line":4,"column":13},"end":{"line":17,"column":3}},"3":{"start":{"line":19,"column":13},"end":{"line":28,"column":3}},"4":{"start":{"line":30,"column":13},"end":{"line":38,"column":3}},"5":{"start":{"line":40,"column":13},"end":{"line":46,"column":3}}},"fnMap":{},"branchMap":{},"s":{"0":2,"1":2,"2":2,"3":2,"4":2,"5":2},"f":{},"b":{}}
}
