TN:
SF:src/controllers/auth.controller.ts
FN:6,(anonymous_7)
FN:6,(anonymous_8)
FN:25,(anonymous_9)
FN:25,(anonymous_10)
FN:45,(anonymous_11)
FN:45,(anonymous_12)
FN:65,(anonymous_13)
FN:65,(anonymous_14)
FN:71,(anonymous_15)
FN:71,(anonymous_16)
FN:84,(anonymous_17)
FN:84,(anonymous_18)
FN:97,(anonymous_19)
FN:97,(anonymous_20)
FNF:14
FNH:2
FNDA:2,(anonymous_7)
FNDA:2,(anonymous_8)
FNDA:0,(anonymous_9)
FNDA:0,(anonymous_10)
FNDA:0,(anonymous_11)
FNDA:0,(anonymous_12)
FNDA:0,(anonymous_13)
FNDA:0,(anonymous_14)
FNDA:0,(anonymous_15)
FNDA:0,(anonymous_16)
FNDA:0,(anonymous_17)
FNDA:0,(anonymous_18)
FNDA:0,(anonymous_19)
FNDA:0,(anonymous_20)
DA:2,1
DA:3,1
DA:6,2
DA:7,2
DA:8,2
DA:11,1
DA:17,1
DA:18,1
DA:20,0
DA:25,1
DA:26,0
DA:27,0
DA:31,0
DA:37,0
DA:38,0
DA:40,0
DA:45,1
DA:46,0
DA:47,0
DA:48,0
DA:49,0
DA:51,0
DA:52,0
DA:57,0
DA:58,0
DA:60,0
DA:65,1
DA:66,0
DA:67,0
DA:68,0
DA:71,1
DA:72,0
DA:73,0
DA:74,0
DA:76,0
DA:77,0
DA:79,0
DA:84,1
DA:85,0
DA:86,0
DA:87,0
DA:89,0
DA:90,0
DA:92,0
DA:97,1
DA:98,0
DA:99,0
DA:101,0
DA:103,0
DA:108,0
DA:110,0
DA:111,0
DA:113,0
LF:53
LH:14
BRDA:17,0,0,1
BRDA:17,0,1,0
BRDA:37,1,0,0
BRDA:37,1,1,0
BRDA:48,2,0,0
BRDA:48,2,1,0
BRDA:57,3,0,0
BRDA:57,3,1,0
BRDA:76,4,0,0
BRDA:76,4,1,0
BRDA:89,5,0,0
BRDA:89,5,1,0
BRDA:110,6,0,0
BRDA:110,6,1,0
BRF:14
BRH:1
end_of_record
TN:
SF:src/models/user.model.ts
FNF:0
FNH:0
DA:1,1
DA:4,1
DA:16,1
LF:3
LH:3
BRF:0
BRH:0
end_of_record
TN:
SF:src/repositories/auth.repository.ts
FN:7,(anonymous_7)
FN:11,(anonymous_8)
FN:15,(anonymous_10)
FN:21,(anonymous_12)
FNF:4
FNH:1
FNDA:1,(anonymous_7)
FNDA:0,(anonymous_8)
FNDA:0,(anonymous_10)
FNDA:0,(anonymous_12)
DA:2,1
DA:3,1
DA:8,1
DA:12,0
DA:16,0
DA:22,0
DA:26,1
LF:7
LH:4
BRF:0
BRH:0
end_of_record
TN:
SF:src/repositories/base.repository.ts
FN:7,(anonymous_7)
FN:11,(anonymous_8)
FN:15,(anonymous_10)
FN:19,(anonymous_12)
FN:19,(anonymous_13)
FN:23,(anonymous_14)
FN:27,(anonymous_16)
FNF:7
FNH:1
FNDA:1,(anonymous_7)
FNDA:0,(anonymous_8)
FNDA:0,(anonymous_10)
FNDA:0,(anonymous_12)
FNDA:0,(anonymous_13)
FNDA:0,(anonymous_14)
FNDA:0,(anonymous_16)
DA:2,1
DA:4,1
DA:8,1
DA:12,0
DA:16,0
DA:19,0
DA:20,0
DA:24,0
DA:28,0
LF:9
LH:3
BRDA:19,0,0,0
BRF:1
BRH:0
end_of_record
TN:
SF:src/services/auth.service.ts
FN:11,(anonymous_9)
FN:16,(anonymous_11)
FN:32,(anonymous_13)
FN:45,(anonymous_15)
FN:53,(anonymous_17)
FN:58,(anonymous_19)
FN:63,(anonymous_21)
FNF:7
FNH:0
FNDA:0,(anonymous_9)
FNDA:0,(anonymous_11)
FNDA:0,(anonymous_13)
FNDA:0,(anonymous_15)
FNDA:0,(anonymous_17)
FNDA:0,(anonymous_19)
FNDA:0,(anonymous_21)
DA:1,1
DA:2,1
DA:4,1
DA:12,0
DA:13,0
DA:14,0
DA:17,0
DA:18,0
DA:20,0
DA:21,0
DA:26,0
DA:27,0
DA:29,0
DA:33,0
DA:34,0
DA:36,0
DA:37,0
DA:39,0
DA:40,0
DA:42,0
DA:46,0
DA:47,0
DA:49,0
DA:50,0
DA:54,0
DA:55,0
DA:56,0
DA:59,0
DA:60,0
DA:64,0
DA:65,0
DA:67,0
DA:69,0
DA:70,0
DA:74,1
LF:35
LH:4
BRDA:13,0,0,0
BRDA:13,0,1,0
BRDA:18,1,0,0
BRDA:18,1,1,0
BRDA:34,2,0,0
BRDA:34,2,1,0
BRDA:37,3,0,0
BRDA:37,3,1,0
BRDA:47,4,0,0
BRDA:47,4,1,0
BRDA:67,5,0,0
BRDA:67,5,1,0
BRF:12
BRH:0
end_of_record
TN:
SF:src/utils/jwt.ts
FN:6,generateAccessToken
FN:12,generateRefreshToken
FN:16,verifyRefreshToken
FNF:3
FNH:0
FNDA:0,generateAccessToken
FNDA:0,generateRefreshToken
FNDA:0,verifyRefreshToken
DA:1,1
DA:3,1
DA:4,1
DA:6,1
DA:7,0
DA:12,1
DA:13,0
DA:16,1
DA:17,0
DA:18,0
DA:21,0
DA:23,0
LF:12
LH:6
BRF:0
BRH:0
end_of_record
TN:
SF:src/zod/schemas.ts
FNF:0
FNH:0
DA:1,1
DA:2,1
DA:4,1
DA:19,1
DA:30,1
DA:40,1
LF:6
LH:6
BRF:0
BRH:0
end_of_record
