TN:
SF:src/controllers/auth.controller.ts
FN:6,(anonymous_7)
FN:6,(anonymous_8)
FN:25,(anonymous_9)
FN:25,(anonymous_10)
FN:45,(anonymous_11)
FN:45,(anonymous_12)
FN:65,(anonymous_13)
FN:65,(anonymous_14)
FN:71,(anonymous_15)
FN:71,(anonymous_16)
FN:84,(anonymous_17)
FN:84,(anonymous_18)
FN:97,(anonymous_19)
FN:97,(anonymous_20)
FNF:14
FNH:14
FNDA:2,(anonymous_7)
FNDA:2,(anonymous_8)
FNDA:2,(anonymous_9)
FNDA:2,(anonymous_10)
FNDA:2,(anonymous_11)
FNDA:2,(anonymous_12)
FNDA:1,(anonymous_13)
FNDA:1,(anonymous_14)
FNDA:1,(anonymous_15)
FNDA:1,(anonymous_16)
FNDA:1,(anonymous_17)
FNDA:1,(anonymous_18)
FNDA:1,(anonymous_19)
FNDA:1,(anonymous_20)
DA:2,1
DA:3,1
DA:6,2
DA:7,2
DA:8,2
DA:11,1
DA:17,1
DA:18,1
DA:20,0
DA:25,2
DA:26,2
DA:27,2
DA:31,1
DA:37,1
DA:38,1
DA:40,0
DA:45,2
DA:46,2
DA:47,2
DA:48,2
DA:49,1
DA:51,1
DA:52,1
DA:57,0
DA:58,0
DA:60,0
DA:65,1
DA:66,1
DA:67,1
DA:68,1
DA:71,1
DA:72,1
DA:73,1
DA:74,1
DA:76,0
DA:77,0
DA:79,0
DA:84,1
DA:85,1
DA:86,1
DA:87,1
DA:89,0
DA:90,0
DA:92,0
DA:97,1
DA:98,1
DA:99,1
DA:101,1
DA:103,1
DA:108,1
DA:110,0
DA:111,0
DA:113,0
LF:53
LH:39
BRDA:17,0,0,1
BRDA:17,0,1,0
BRDA:37,1,0,1
BRDA:37,1,1,0
BRDA:48,2,0,1
BRDA:48,2,1,1
BRDA:57,3,0,0
BRDA:57,3,1,0
BRDA:76,4,0,0
BRDA:76,4,1,0
BRDA:89,5,0,0
BRDA:89,5,1,0
BRDA:110,6,0,0
BRDA:110,6,1,0
BRF:14
BRH:4
end_of_record
TN:
SF:src/controllers/recipe.controller.ts
FN:18,(anonymous_8)
FN:21,(anonymous_9)
FN:41,(anonymous_10)
FN:68,(anonymous_11)
FN:68,(anonymous_12)
FN:86,(anonymous_13)
FN:86,(anonymous_14)
FN:97,(anonymous_15)
FN:97,(anonymous_16)
FN:112,(anonymous_17)
FN:112,(anonymous_18)
FNF:11
FNH:10
FNDA:1,(anonymous_8)
FNDA:1,(anonymous_9)
FNDA:0,(anonymous_10)
FNDA:2,(anonymous_11)
FNDA:2,(anonymous_12)
FNDA:2,(anonymous_13)
FNDA:2,(anonymous_14)
FNDA:2,(anonymous_15)
FNDA:2,(anonymous_16)
FNDA:2,(anonymous_17)
FNDA:2,(anonymous_18)
DA:2,1
DA:3,1
DA:4,1
DA:5,1
DA:18,1
DA:21,1
DA:30,1
DA:32,1
DA:33,1
DA:34,1
DA:35,1
DA:36,1
DA:38,1
DA:40,1
DA:41,0
DA:42,0
DA:45,1
DA:46,0
DA:49,1
DA:50,0
DA:53,1
DA:55,1
DA:63,1
DA:67,1
DA:68,2
DA:69,2
DA:70,2
DA:71,1
DA:72,1
DA:74,1
DA:75,1
DA:76,1
DA:77,1
DA:79,0
DA:80,0
DA:85,1
DA:86,2
DA:87,2
DA:91,2
DA:92,1
DA:93,1
DA:97,2
DA:98,2
DA:99,2
DA:100,2
DA:102,2
DA:104,2
DA:105,1
DA:106,1
DA:108,1
DA:111,1
DA:112,2
DA:113,2
DA:115,2
DA:117,2
DA:118,0
DA:119,0
DA:122,2
DA:124,2
DA:125,1
DA:128,1
DA:130,1
DA:131,1
LF:63
LH:55
BRDA:26,0,0,1
BRDA:27,1,0,1
BRDA:28,2,0,1
BRDA:29,3,0,1
BRDA:35,4,0,0
BRDA:35,4,1,1
BRDA:36,5,0,0
BRDA:36,5,1,1
BRDA:40,6,0,0
BRDA:40,6,1,1
BRDA:45,7,0,0
BRDA:45,7,1,1
BRDA:49,8,0,0
BRDA:49,8,1,1
BRDA:70,9,0,1
BRDA:70,9,1,1
BRDA:75,10,0,1
BRDA:75,10,1,0
BRDA:104,11,0,1
BRDA:104,11,1,1
BRDA:117,12,0,0
BRDA:117,12,1,2
BRDA:124,13,0,1
BRDA:124,13,1,1
BRF:24
BRH:17
end_of_record
TN:
SF:src/middlewares/errorHandler.ts
FN:5,(anonymous_1)
FNF:1
FNH:1
FNDA:1,(anonymous_1)
DA:2,1
DA:3,1
DA:5,1
DA:11,1
DA:12,1
DA:13,1
DA:15,1
DA:16,0
DA:17,0
DA:20,1
DA:21,0
DA:22,0
DA:25,1
DA:26,1
DA:27,1
DA:28,1
DA:31,1
DA:38,1
LF:18
LH:14
BRDA:11,0,0,1
BRDA:11,0,1,0
BRDA:15,1,0,0
BRDA:15,1,1,1
BRDA:20,2,0,0
BRDA:20,2,1,1
BRDA:25,3,0,1
BRDA:25,3,1,0
BRDA:33,4,0,1
BRDA:33,4,1,0
BRDA:34,5,0,0
BRDA:34,5,1,1
BRF:12
BRH:6
end_of_record
TN:
SF:src/models/recipe.model.ts
FNF:0
FNH:0
DA:1,2
DA:4,2
DA:20,2
DA:22,2
LF:4
LH:4
BRF:0
BRH:0
end_of_record
TN:
SF:src/models/user.model.ts
FNF:0
FNH:0
DA:1,2
DA:4,2
DA:16,2
LF:3
LH:3
BRF:0
BRH:0
end_of_record
TN:
SF:src/repositories/auth.repository.ts
FN:7,(anonymous_7)
FN:11,(anonymous_8)
FN:15,(anonymous_10)
FN:21,(anonymous_12)
FNF:4
FNH:1
FNDA:2,(anonymous_7)
FNDA:0,(anonymous_8)
FNDA:0,(anonymous_10)
FNDA:0,(anonymous_12)
DA:2,2
DA:3,2
DA:8,2
DA:12,0
DA:16,0
DA:22,0
DA:26,2
LF:7
LH:4
BRF:0
BRH:0
end_of_record
TN:
SF:src/repositories/base.repository.ts
FN:7,(anonymous_7)
FN:11,(anonymous_8)
FN:15,(anonymous_10)
FN:19,(anonymous_12)
FN:19,(anonymous_13)
FN:23,(anonymous_14)
FN:27,(anonymous_16)
FNF:7
FNH:1
FNDA:4,(anonymous_7)
FNDA:0,(anonymous_8)
FNDA:0,(anonymous_10)
FNDA:0,(anonymous_12)
FNDA:0,(anonymous_13)
FNDA:0,(anonymous_14)
FNDA:0,(anonymous_16)
DA:2,4
DA:4,4
DA:8,4
DA:12,0
DA:16,0
DA:19,0
DA:20,0
DA:24,0
DA:28,0
LF:9
LH:3
BRDA:19,0,0,0
BRF:1
BRH:0
end_of_record
TN:
SF:src/repositories/recipe.repository.ts
FN:7,(anonymous_7)
FN:10,(anonymous_8)
FN:11,(anonymous_9)
FN:24,(anonymous_10)
FNF:4
FNH:1
FNDA:2,(anonymous_7)
FNDA:0,(anonymous_8)
FNDA:0,(anonymous_9)
FNDA:0,(anonymous_10)
DA:1,2
DA:2,2
DA:8,2
DA:11,0
DA:17,0
DA:25,0
DA:32,2
LF:7
LH:4
BRDA:12,0,0,0
BRDA:13,1,0,0
BRDA:14,2,0,0
BRDA:15,3,0,0
BRF:4
BRH:0
end_of_record
TN:
SF:src/services/auth.service.ts
FN:11,(anonymous_9)
FN:16,(anonymous_11)
FN:32,(anonymous_13)
FN:45,(anonymous_15)
FN:53,(anonymous_17)
FN:58,(anonymous_19)
FN:63,(anonymous_21)
FNF:7
FNH:7
FNDA:3,(anonymous_9)
FNDA:2,(anonymous_11)
FNDA:3,(anonymous_13)
FNDA:2,(anonymous_15)
FNDA:1,(anonymous_17)
FNDA:1,(anonymous_19)
FNDA:1,(anonymous_21)
DA:1,2
DA:2,2
DA:4,2
DA:12,3
DA:13,3
DA:14,3
DA:17,2
DA:18,2
DA:20,1
DA:21,1
DA:26,1
DA:27,1
DA:29,1
DA:33,3
DA:34,3
DA:36,2
DA:37,2
DA:39,1
DA:40,1
DA:42,1
DA:46,2
DA:47,2
DA:49,1
DA:50,1
DA:54,1
DA:55,1
DA:56,1
DA:59,1
DA:60,1
DA:64,1
DA:65,1
DA:67,1
DA:69,1
DA:70,1
DA:74,2
LF:35
LH:35
BRDA:13,0,0,0
BRDA:13,0,1,3
BRDA:18,1,0,1
BRDA:18,1,1,1
BRDA:34,2,0,1
BRDA:34,2,1,2
BRDA:37,3,0,1
BRDA:37,3,1,1
BRDA:47,4,0,1
BRDA:47,4,1,1
BRDA:67,5,0,0
BRDA:67,5,1,1
BRF:12
BRH:10
end_of_record
TN:
SF:src/services/recipe.service.ts
FN:6,(anonymous_7)
FN:12,(anonymous_9)
FN:17,(anonymous_11)
FN:33,(anonymous_13)
FN:37,(anonymous_15)
FNF:5
FNH:5
FNDA:2,(anonymous_7)
FNDA:1,(anonymous_9)
FNDA:1,(anonymous_11)
FNDA:1,(anonymous_13)
FNDA:1,(anonymous_15)
DA:1,2
DA:7,2
DA:8,2
DA:9,1
DA:13,1
DA:14,1
DA:24,1
DA:34,1
DA:38,1
DA:42,2
LF:10
LH:10
BRDA:8,0,0,1
BRDA:8,0,1,1
BRF:2
BRH:2
end_of_record
TN:
SF:src/utils/jwt.ts
FN:6,generateAccessToken
FN:12,generateRefreshToken
FN:16,verifyRefreshToken
FNF:3
FNH:0
FNDA:0,generateAccessToken
FNDA:0,generateRefreshToken
FNDA:0,verifyRefreshToken
DA:1,2
DA:3,2
DA:4,2
DA:6,2
DA:7,0
DA:12,2
DA:13,0
DA:16,2
DA:17,0
DA:18,0
DA:21,0
DA:23,0
LF:12
LH:6
BRF:0
BRH:0
end_of_record
TN:
SF:src/zod/schemas.ts
FNF:0
FNH:0
DA:1,2
DA:2,2
DA:4,2
DA:19,2
DA:30,2
DA:40,2
LF:6
LH:6
BRF:0
BRH:0
end_of_record
